/usr/local/lib/python2.6/dist-packages/wicd/__init__.py
/usr/local/lib/python2.6/dist-packages/wicd/networking.py
/usr/local/lib/python2.6/dist-packages/wicd/misc.py
/usr/local/lib/python2.6/dist-packages/wicd/wnettools.py
/usr/local/lib/python2.6/dist-packages/wicd/wpath.py
/usr/local/lib/python2.6/dist-packages/wicd/dbusmanager.py
/usr/local/lib/python2.6/dist-packages/wicd/logfile.py
/usr/local/lib/python2.6/dist-packages/wicd/backend.py
/usr/local/lib/python2.6/dist-packages/wicd/configmanager.py
/usr/local/lib/python2.6/dist-packages/wicd/translations.py
/usr/local/lib/python2.6/dist-packages/wicd/__init__.pyc
/usr/local/lib/python2.6/dist-packages/wicd/networking.pyc
/usr/local/lib/python2.6/dist-packages/wicd/misc.pyc
/usr/local/lib/python2.6/dist-packages/wicd/wnettools.pyc
/usr/local/lib/python2.6/dist-packages/wicd/wpath.pyc
/usr/local/lib/python2.6/dist-packages/wicd/dbusmanager.pyc
/usr/local/lib/python2.6/dist-packages/wicd/logfile.pyc
/usr/local/lib/python2.6/dist-packages/wicd/backend.pyc
/usr/local/lib/python2.6/dist-packages/wicd/configmanager.pyc
/usr/local/lib/python2.6/dist-packages/wicd/translations.pyc
/etc/dbus-1/system.d/wicd.conf
/usr/share/dbus-1/system-services/org.wicd.daemon.service
/lib/systemd/system/wicd.service
/etc/logrotate.d/wicd.logrotate
/var/log/wicd/.empty_on_purpose
/etc/wicd/dhclient.conf.template.default
/etc/wicd/encryption/templates/wep-passphrase
/etc/wicd/encryption/templates/wep-hex
/etc/wicd/encryption/templates/wired_8021x
/etc/wicd/encryption/templates/active_wired
/etc/wicd/encryption/templates/leap
/etc/wicd/encryption/templates/eap-tls
/etc/wicd/encryption/templates/peap
/etc/wicd/encryption/templates/wpa
/etc/wicd/encryption/templates/peap-tkip
/etc/wicd/encryption/templates/wpa2-leap
/etc/wicd/encryption/templates/wpa2-peap
/etc/wicd/encryption/templates/wep-shared
/etc/wicd/encryption/templates/psu
/etc/wicd/encryption/templates/wpa-peap
/etc/wicd/encryption/templates/eap
/etc/wicd/encryption/templates/ttls
/etc/wicd/encryption/templates/wpa-psk
/etc/wicd/encryption/templates/active
/var/lib/wicd/configurations/.empty_on_purpose
/usr/sbin/wicd
/usr/share/wicd/daemon/monitor.py
/usr/share/wicd/daemon/wicd-daemon.py
/usr/share/wicd/daemon/suspend.py
/usr/share/wicd/daemon/autoconnect.py
/usr/share/wicd/backends/be-external.py
/usr/share/wicd/backends/be-ioctl.py
/etc/wicd/scripts/.empty_on_purpose
/etc/wicd/scripts/predisconnect/.empty_on_purpose
/etc/wicd/scripts/postdisconnect/.empty_on_purpose
/etc/wicd/scripts/preconnect/.empty_on_purpose
/etc/wicd/scripts/postconnect/.empty_on_purpose
/usr/share/applications/wicd.desktop
/usr/bin/wicd-client
/usr/bin/wicd-gtk
/usr/share/wicd/gtk/wicd-client.py
/usr/share/wicd/gtk/netentry.py
/usr/share/wicd/gtk/prefs.py
/usr/share/wicd/gtk/gui.py
/usr/share/wicd/gtk/guiutil.py
/usr/share/wicd/gtk/wicd.ui
/usr/share/wicd/gtk/configscript.py
/etc/xdg/autostart/wicd-tray.desktop
/usr/share/man/man1/wicd-client.1
/usr/share/icons/hicolor/scalable/apps/wicd-gtk.svg
/usr/share/icons/hicolor/192x192/apps/wicd-gtk.png
/usr/share/icons/hicolor/128x128/apps/wicd-gtk.png
/usr/share/icons/hicolor/96x96/apps/wicd-gtk.png
/usr/share/icons/hicolor/72x72/apps/wicd-gtk.png
/usr/share/icons/hicolor/64x64/apps/wicd-gtk.png
/usr/share/icons/hicolor/48x48/apps/wicd-gtk.png
/usr/share/icons/hicolor/36x36/apps/wicd-gtk.png
/usr/share/icons/hicolor/32x32/apps/wicd-gtk.png
/usr/share/icons/hicolor/24x24/apps/wicd-gtk.png
/usr/share/icons/hicolor/22x22/apps/wicd-gtk.png
/usr/share/icons/hicolor/16x16/apps/wicd-gtk.png
/usr/share/pixmaps/wicd/receiving-high-signal.png
/usr/share/pixmaps/wicd/wired-gui.svg
/usr/share/pixmaps/wicd/low-signal-lock.png
/usr/share/pixmaps/wicd/idle-high-signal-lock.png
/usr/share/pixmaps/wicd/both-high-signal.png
/usr/share/pixmaps/wicd/high-signal-lock.png
/usr/share/pixmaps/wicd/high-signal.png
/usr/share/pixmaps/wicd/transmitting-bad-signal-lock.png
/usr/share/pixmaps/wicd/transmitting-high-signal-lock.png
/usr/share/pixmaps/wicd/good-signal.png
/usr/share/pixmaps/wicd/idle-bad-signal.png
/usr/share/pixmaps/wicd/idle-low-signal-lock.png
/usr/share/pixmaps/wicd/both-high-signal-lock.png
/usr/share/pixmaps/wicd/transmitting-bad-signal.png
/usr/share/pixmaps/wicd/transmitting-good-signal-lock.png
/usr/share/pixmaps/wicd/bad-signal.png
/usr/share/pixmaps/wicd/idle-high-signal.png
/usr/share/pixmaps/wicd/receiving-low-signal.png
/usr/share/pixmaps/wicd/transmitting-good-signal.png
/usr/share/pixmaps/wicd/both-bad-signal.png
/usr/share/pixmaps/wicd/signal-25.png
/usr/share/pixmaps/wicd/idle-bad-signal-lock.png
/usr/share/pixmaps/wicd/idle-good-signal-lock.png
/usr/share/pixmaps/wicd/signal-100.png
/usr/share/pixmaps/wicd/both-low-signal-lock.png
/usr/share/pixmaps/wicd/transmitting-low-signal.png
/usr/share/pixmaps/wicd/signal-75.png
/usr/share/pixmaps/wicd/receiving-low-signal-lock.png
/usr/share/pixmaps/wicd/both-low-signal.png
/usr/share/pixmaps/wicd/good-signal-lock.png
/usr/share/pixmaps/wicd/receiving-bad-signal-lock.png
/usr/share/pixmaps/wicd/transmitting-high-signal.png
/usr/share/pixmaps/wicd/no-signal.png
/usr/share/pixmaps/wicd/both-bad-signal-lock.png
/usr/share/pixmaps/wicd/receiving-good-signal-lock.png
/usr/share/pixmaps/wicd/idle-low-signal.png
/usr/share/pixmaps/wicd/receiving-good-signal.png
/usr/share/pixmaps/wicd/signal-50.png
/usr/share/pixmaps/wicd/low-signal.png
/usr/share/pixmaps/wicd/both-good-signal.png
/usr/share/pixmaps/wicd/wired.png
/usr/share/pixmaps/wicd/transmitting-low-signal-lock.png
/usr/share/pixmaps/wicd/both-good-signal-lock.png
/usr/share/pixmaps/wicd/receiving-bad-signal.png
/usr/share/pixmaps/wicd/bad-signal-lock.png
/usr/share/pixmaps/wicd/idle-good-signal.png
/usr/share/pixmaps/wicd/receiving-high-signal-lock.png
/usr/share/pixmaps/wicd-gtk.xpm
/usr/share/wicd/curses/curses_misc.py
/usr/share/wicd/curses/prefs_curses.py
/usr/share/wicd/curses/wicd-curses.py
/usr/share/wicd/curses/netentry_curses.py
/usr/share/wicd/curses/configscript_curses.py
/usr/bin/wicd-curses
/usr/share/man/man8/wicd-curses.8
/usr/share/man/nl/man8/wicd-curses.8
/usr/share/doc/wicd/README.curses
/usr/share/wicd/cli/wicd-cli.py
/usr/bin/wicd-cli
/usr/share/man/man8/wicd-cli.8
/usr/share/doc/wicd/README.cli
/usr/share/doc/wicd/INSTALL
/usr/share/doc/wicd/LICENSE
/usr/share/doc/wicd/AUTHORS
/usr/share/doc/wicd/README
/usr/share/doc/wicd/CHANGES
/var/lib/wicd/WHEREAREMYFILES
/usr/share/autostart/wicd-tray.desktop
/etc/init.d/wicd
/usr/share/man/man8/wicd.8
/usr/share/man/man5/wicd-manager-settings.conf.5
/usr/share/man/man5/wicd-wired-settings.conf.5
/usr/share/man/man5/wicd-wireless-settings.conf.5
/usr/share/man/nl/man8/wicd.8
/usr/share/man/nl/man5/wicd-manager-settings.conf.5
/usr/share/man/nl/man5/wicd-wired-settings.conf.5
/usr/share/man/nl/man5/wicd-wireless-settings.conf.5
/usr/share/man/nl/man1/wicd-client.1
/etc/acpi/resume.d/80-wicd-connect.sh
/etc/acpi/suspend.d/50-wicd-suspend.sh
/usr/lib/pm-utils/sleep.d/55wicd
/usr/local/lib/python2.6/dist-packages/wicd-1.7.1.egg-info
